Using pre-set license
Built from '2020.3/release' branch; Version is '2020.3.7f1 (dd97f2c94397) revision 14522354'; Using compiler version '192528614'; Build Type 'Release'
OS: 'Windows 10 Enterprise; OS build 19041.1415; Version 2004; 64bit' Language: 'en' Physical Memory: 32683 MB
BatchMode: 1, IsHumanControllingUs: 0, StartBugReporterOnCrash: 0, Is64bit: 1, IsPro: 0

 COMMAND LINE ARGUMENTS:
C:\Program Files\Unity\Editor\Unity.exe
-adb2
-batchMode
-noUpm
-name
AssetImportWorker0
-projectPath
C:/Users/hpennycuick/Documents/Haigen_GAD170_1
-logFile
Logs/AssetImportWorker0.log
-srvPort
50720
Successfully changed project path to: C:/Users/hpennycuick/Documents/Haigen_GAD170_1
C:/Users/hpennycuick/Documents/Haigen_GAD170_1
Using Asset Import Pipeline V2.
Refreshing native plugins compatible for Editor in 21.50 ms, found 0 plugins.
Preloading 0 native plugins for Editor in 0.00 ms.
Initialize engine version: 2020.3.7f1 (dd97f2c94397)
[Subsystems] Discovering subsystems at path C:/Program Files/Unity/Editor/Data/Resources/UnitySubsystems
[Subsystems] Discovering subsystems at path C:/Users/hpennycuick/Documents/Haigen_GAD170_1/Assets
GfxDevice: creating device client; threaded=0
Direct3D:
    Version:  Direct3D 11.0 [level 11.1]
    Renderer: NVIDIA GeForce GTX 980 (ID=0x13c0)
    Vendor:   
    VRAM:     4053 MB
    Driver:   27.21.14.5671
Initialize mono
Mono path[0] = 'C:/Program Files/Unity/Editor/Data/Managed'
Mono path[1] = 'C:/Program Files/Unity/Editor/Data/MonoBleedingEdge/lib/mono/unityjit'
Mono config path = 'C:/Program Files/Unity/Editor/Data/MonoBleedingEdge/etc'
Using monoOptions --debugger-agent=transport=dt_socket,embedding=1,server=y,suspend=n,address=127.0.0.1:56944
Begin MonoManager ReloadAssembly
Registering precompiled unity dll's ...
Register platform support module: C:/Program Files/Unity/Editor/Data/PlaybackEngines/WindowsStandaloneSupport/UnityEditor.WindowsStandalone.Extensions.dll
Registered in 0.002917 seconds.
Native extension for WindowsStandalone target not found
Refreshing native plugins compatible for Editor in 24.26 ms, found 0 plugins.
Preloading 0 native plugins for Editor in 0.00 ms.
Mono: successfully reloaded assembly
- Completed reload, in  1.254 seconds
Platform modules already initialized, skipping
Registering precompiled user dll's ...
Registered in 0.001466 seconds.
Begin MonoManager ReloadAssembly
Native extension for WindowsStandalone target not found
Refreshing native plugins compatible for Editor in 0.18 ms, found 0 plugins.
Preloading 0 native plugins for Editor in 0.00 ms.
Mono: successfully reloaded assembly
- Completed reload, in  0.784 seconds
Platform modules already initialized, skipping
========================================================================
Worker process is ready to serve import requests
Launched and connected shader compiler UnityShaderCompiler.exe after 0.11 seconds
Refreshing native plugins compatible for Editor in 0.21 ms, found 0 plugins.
Preloading 0 native plugins for Editor in 0.00 ms.
Unloading 1117 Unused Serialized files (Serialized files now loaded: 0)
System memory in use before: 57.0 MB.
System memory in use after: 57.1 MB.

Unloading 9 unused Assets to reduce memory usage. Loaded Objects now: 1560.
Total: 2.295800 ms (FindLiveObjects: 0.469500 ms CreateObjectMapping: 0.125200 ms MarkObjects: 1.594800 ms  DeleteObjects: 0.105100 ms)

========================================================================
Received Import Request.
  path: Assets/RacingScript.cs
  artifactKey: Guid(87c3e6ca917b4be4698594989cd8bf1f) Importer(815301076,1909f56bfc062723c751e8b465ee728b)
Start importing Assets/RacingScript.cs using Guid(87c3e6ca917b4be4698594989cd8bf1f) Importer(815301076,1909f56bfc062723c751e8b465ee728b)  -> (artifact id: '0b9d94db2acccee6644f1909d6872de5') in 0.042648 seconds
  Import took 0.044742 seconds .

========================================================================
Received Prepare
Registering precompiled user dll's ...
Registered in 0.001247 seconds.
Begin MonoManager ReloadAssembly
Native extension for WindowsStandalone target not found
Refreshing native plugins compatible for Editor in 0.20 ms, found 0 plugins.
Preloading 0 native plugins for Editor in 0.00 ms.
Mono: successfully reloaded assembly
- Completed reload, in  0.769 seconds
Platform modules already initialized, skipping
Refreshing native plugins compatible for Editor in 0.19 ms, found 0 plugins.
Preloading 0 native plugins for Editor in 0.00 ms.
Unloading 1111 Unused Serialized files (Serialized files now loaded: 0)
System memory in use before: 56.9 MB.
System memory in use after: 57.0 MB.

Unloading 4 unused Assets to reduce memory usage. Loaded Objects now: 1563.
Total: 2.537700 ms (FindLiveObjects: 0.218600 ms CreateObjectMapping: 0.070400 ms MarkObjects: 2.212800 ms  DeleteObjects: 0.034200 ms)

========================================================================
Received Prepare
Registering precompiled user dll's ...
Registered in 0.001622 seconds.
Begin MonoManager ReloadAssembly
Native extension for WindowsStandalone target not found
Refreshing native plugins compatible for Editor in 0.18 ms, found 0 plugins.
Preloading 0 native plugins for Editor in 0.00 ms.
Mono: successfully reloaded assembly
- Completed reload, in  0.825 seconds
Platform modules already initialized, skipping
Refreshing native plugins compatible for Editor in 0.25 ms, found 0 plugins.
Preloading 0 native plugins for Editor in 0.00 ms.
Unloading 1111 Unused Serialized files (Serialized files now loaded: 0)
System memory in use before: 56.9 MB.
System memory in use after: 57.0 MB.

Unloading 4 unused Assets to reduce memory usage. Loaded Objects now: 1566.
Total: 1.692200 ms (FindLiveObjects: 0.165600 ms CreateObjectMapping: 0.036500 ms MarkObjects: 1.445000 ms  DeleteObjects: 0.029600 ms)

========================================================================
Received Import Request.
  Time since last request: 677.738612 seconds.
  path: Assets/RacingScript.cs
  artifactKey: Guid(87c3e6ca917b4be4698594989cd8bf1f) Importer(815301076,1909f56bfc062723c751e8b465ee728b)
Start importing Assets/RacingScript.cs using Guid(87c3e6ca917b4be4698594989cd8bf1f) Importer(815301076,1909f56bfc062723c751e8b465ee728b)  -> (artifact id: 'a61e70db27035e8737124ac57342c094') in 0.004029 seconds
  Import took 0.006316 seconds .

========================================================================
Received Prepare
Registering precompiled user dll's ...
Registered in 0.001349 seconds.
Begin MonoManager ReloadAssembly
Native extension for WindowsStandalone target not found
Refreshing native plugins compatible for Editor in 0.21 ms, found 0 plugins.
Preloading 0 native plugins for Editor in 0.00 ms.
Mono: successfully reloaded assembly
- Completed reload, in  0.828 seconds
Platform modules already initialized, skipping
Refreshing native plugins compatible for Editor in 0.19 ms, found 0 plugins.
Preloading 0 native plugins for Editor in 0.00 ms.
Unloading 1111 Unused Serialized files (Serialized files now loaded: 0)
System memory in use before: 56.9 MB.
System memory in use after: 57.0 MB.

Unloading 4 unused Assets to reduce memory usage. Loaded Objects now: 1569.
Total: 1.711400 ms (FindLiveObjects: 0.124700 ms CreateObjectMapping: 0.038500 ms MarkObjects: 1.533500 ms  DeleteObjects: 0.014000 ms)

========================================================================
Received Import Request.
  Time since last request: 494.474687 seconds.
  path: Assets/RacingScript.cs
  artifactKey: Guid(87c3e6ca917b4be4698594989cd8bf1f) Importer(815301076,1909f56bfc062723c751e8b465ee728b)
Start importing Assets/RacingScript.cs using Guid(87c3e6ca917b4be4698594989cd8bf1f) Importer(815301076,1909f56bfc062723c751e8b465ee728b)  -> (artifact id: '561f00f46f42bb59b39935ad2d5fe476') in 0.004066 seconds
  Import took 0.005867 seconds .

========================================================================
Received Prepare
Registering precompiled user dll's ...
Registered in 0.001323 seconds.
Begin MonoManager ReloadAssembly
Native extension for WindowsStandalone target not found
Refreshing native plugins compatible for Editor in 0.18 ms, found 0 plugins.
Preloading 0 native plugins for Editor in 0.00 ms.
Mono: successfully reloaded assembly
- Completed reload, in  0.798 seconds
Platform modules already initialized, skipping
Refreshing native plugins compatible for Editor in 0.25 ms, found 0 plugins.
Preloading 0 native plugins for Editor in 0.00 ms.
Unloading 1111 Unused Serialized files (Serialized files now loaded: 0)
System memory in use before: 56.9 MB.
System memory in use after: 57.0 MB.

Unloading 4 unused Assets to reduce memory usage. Loaded Objects now: 1572.
Total: 1.606400 ms (FindLiveObjects: 0.129500 ms CreateObjectMapping: 0.029600 ms MarkObjects: 1.433600 ms  DeleteObjects: 0.012100 ms)

========================================================================
Received Prepare
Registering precompiled user dll's ...
Registered in 0.001252 seconds.
Begin MonoManager ReloadAssembly
Native extension for WindowsStandalone target not found
Refreshing native plugins compatible for Editor in 0.19 ms, found 0 plugins.
Preloading 0 native plugins for Editor in 0.00 ms.
Mono: successfully reloaded assembly
- Completed reload, in  0.922 seconds
Platform modules already initialized, skipping
Refreshing native plugins compatible for Editor in 0.27 ms, found 0 plugins.
Preloading 0 native plugins for Editor in 0.00 ms.
Unloading 1111 Unused Serialized files (Serialized files now loaded: 0)
System memory in use before: 56.9 MB.
System memory in use after: 57.0 MB.

Unloading 4 unused Assets to reduce memory usage. Loaded Objects now: 1575.
Total: 2.000700 ms (FindLiveObjects: 0.203700 ms CreateObjectMapping: 0.052000 ms MarkObjects: 1.728900 ms  DeleteObjects: 0.014100 ms)

========================================================================
Received Import Request.
  Time since last request: 2857.006184 seconds.
  path: Assets/XPSystem.cs
  artifactKey: Guid(f92dd081e020c584785489ff19357ac3) Importer(815301076,1909f56bfc062723c751e8b465ee728b)
Start importing Assets/XPSystem.cs using Guid(f92dd081e020c584785489ff19357ac3) Importer(815301076,1909f56bfc062723c751e8b465ee728b)  -> (artifact id: '521e31bd82bf4a08d381bcc285b4af02') in 0.006152 seconds
  Import took 0.008765 seconds .

========================================================================
Received Prepare
Registering precompiled user dll's ...
Registered in 0.001259 seconds.
Begin MonoManager ReloadAssembly
Native extension for WindowsStandalone target not found
Refreshing native plugins compatible for Editor in 0.30 ms, found 0 plugins.
Preloading 0 native plugins for Editor in 0.00 ms.
Mono: successfully reloaded assembly
- Completed reload, in  0.946 seconds
Platform modules already initialized, skipping
Refreshing native plugins compatible for Editor in 0.21 ms, found 0 plugins.
Preloading 0 native plugins for Editor in 0.00 ms.
Unloading 1112 Unused Serialized files (Serialized files now loaded: 0)
System memory in use before: 57.0 MB.
System memory in use after: 57.1 MB.

Unloading 4 unused Assets to reduce memory usage. Loaded Objects now: 1579.
Total: 2.147600 ms (FindLiveObjects: 0.136700 ms CreateObjectMapping: 0.045700 ms MarkObjects: 1.946200 ms  DeleteObjects: 0.017300 ms)

========================================================================
Received Prepare
Registering precompiled user dll's ...
Registered in 0.001577 seconds.
Begin MonoManager ReloadAssembly
Native extension for WindowsStandalone target not found
Refreshing native plugins compatible for Editor in 0.21 ms, found 0 plugins.
Preloading 0 native plugins for Editor in 0.00 ms.
Mono: successfully reloaded assembly
- Completed reload, in  0.940 seconds
Platform modules already initialized, skipping
Refreshing native plugins compatible for Editor in 0.21 ms, found 0 plugins.
Preloading 0 native plugins for Editor in 0.00 ms.
Unloading 1112 Unused Serialized files (Serialized files now loaded: 0)
System memory in use before: 57.0 MB.
System memory in use after: 57.1 MB.

Unloading 4 unused Assets to reduce memory usage. Loaded Objects now: 1582.
Total: 2.146900 ms (FindLiveObjects: 0.132600 ms CreateObjectMapping: 0.050300 ms MarkObjects: 1.948700 ms  DeleteObjects: 0.013800 ms)

========================================================================
Received Import Request.
  Time since last request: 1388.243893 seconds.
  path: Assets/XPSystem.cs
  artifactKey: Guid(f92dd081e020c584785489ff19357ac3) Importer(815301076,1909f56bfc062723c751e8b465ee728b)
Start importing Assets/XPSystem.cs using Guid(f92dd081e020c584785489ff19357ac3) Importer(815301076,1909f56bfc062723c751e8b465ee728b)  -> (artifact id: '7584a87c2c1945217d584efe65d0f4c1') in 0.005656 seconds
  Import took 0.008011 seconds .

AssetImportWorkerClient::OnTransportError - code=2 error=End of file
